Build started 9/24/2013 11:39:40 PM.
     1>Project "C:\Users\dwase_000\Desktop\DEngine Repo-SVN\DEngine\DEngine\DEngine.vcxproj" on node 2 (Build target(s)).
     1>ClCompile:
         C:\Program Files (x86)\Microsoft Visual Studio 11.0\VC\bin\CL.exe /c /I"C:\Users\Daniel\Desktop\DEngine Repo-SVN\DEngine\DEngine\Driver\lib\Debug" /ZI /nologo /Wall /WX- /Od /Oy- /D WIN32 /D _DEBUG /D _WINDOWS /D _UNICODE /D UNICODE /Gm /EHsc /RTC1 /MDd /GS /fp:precise /Zc:wchar_t /Zc:forScope /Yc"stdafx.h" /Fp"Debug\DEngine.pch" /Fo"Debug\\" /Fd"Debug\vc110.pdb" /Gd /TP /FIstdafx.h /analyze- /errorReport:prompt stdafx.cpp
         stdafx.cpp
     1>c:\program files (x86)\windows kits\8.0\include\um\winnt.h(10383): warning C4820: '_CLAIM_SECURITY_ATTRIBUTE_FQBN_VALUE' : '4' bytes padding added after data member '_CLAIM_SECURITY_ATTRIBUTE_FQBN_VALUE::Name'
     1>c:\program files (x86)\windows kits\8.0\include\um\winnt.h(10624): warning C4820: '_SECURITY_QUALITY_OF_SERVICE' : '2' bytes padding added after data member '_SECURITY_QUALITY_OF_SERVICE::EffectiveOnly'
     1>c:\program files (x86)\windows kits\8.0\include\um\winnt.h(10635): warning C4820: '_SE_IMPERSONATION_STATE' : '2' bytes padding added after data member '_SE_IMPERSONATION_STATE::EffectiveOnly'
     1>c:\program files (x86)\windows kits\8.0\include\um\winnt.h(10834): warning C4820: '_QUOTA_LIMITS' : '4' bytes padding added after data member '_QUOTA_LIMITS::PagefileLimit'
     1>c:\program files (x86)\windows kits\8.0\include\um\winnt.h(10857): warning C4820: '_QUOTA_LIMITS_EX' : '4' bytes padding added after data member '_QUOTA_LIMITS_EX::PagefileLimit'
     1>c:\program files (x86)\windows kits\8.0\include\um\winnt.h(10922): warning C4820: '_PROCESS_MITIGATION_DEP_POLICY' : '3' bytes padding added after data member '_PROCESS_MITIGATION_DEP_POLICY::Permanent'
     1>c:\program files (x86)\windows kits\8.0\include\um\winnt.h(10977): warning C4820: '_JOBOBJECT_BASIC_LIMIT_INFORMATION' : '4' bytes padding added after data member '_JOBOBJECT_BASIC_LIMIT_INFORMATION::SchedulingClass'
     1>c:\program files (x86)\windows kits\8.0\include\um\winnt.h(11048): warning C4820: '_JOBOBJECT_NOTIFICATION_LIMIT_INFORMATION' : '4' bytes padding added after data member '_JOBOBJECT_NOTIFICATION_LIMIT_INFORMATION::LimitFlags'
     1>c:\program files (x86)\windows kits\8.0\include\um\winnt.h(11691): warning C4820: '_FILE_NOTIFY_INFORMATION' : '2' bytes padding added after data member '_FILE_NOTIFY_INFORMATION::FileName'
     1>c:\program files (x86)\windows kits\8.0\include\um\winnt.h(11766): warning C4820: '_REPARSE_GUID_DATA_BUFFER' : '3' bytes padding added after data member '_REPARSE_GUID_DATA_BUFFER::GenericReparseBuffer'
     1>c:\program files (x86)\windows kits\8.0\include\um\winnt.h(11925): warning C4820: '_SCRUB_DATA_OUTPUT' : '4' bytes padding added after data member '_SCRUB_DATA_OUTPUT::Status'
     1>c:\program files (x86)\windows kits\8.0\include\um\winnt.h(13194): warning C4820: '_POWER_SESSION_RIT_STATE' : '3' bytes padding added after data member '_POWER_SESSION_RIT_STATE::Active'
     1>c:\program files (x86)\windows kits\8.0\include\um\winnt.h(13204): warning C4820: '_POWER_SESSION_WINLOGON' : '2' bytes padding added after data member '_POWER_SESSION_WINLOGON::Locked'
     1>c:\program files (x86)\windows kits\8.0\include\um\winnt.h(13241): warning C4820: '_POWER_MONITOR_INVOCATION' : '2' bytes padding added after data member '_POWER_MONITOR_INVOCATION::Console'
     1>c:\program files (x86)\windows kits\8.0\include\um\winnt.h(13250): warning C4820: '_RESUME_PERFORMANCE' : '4' bytes padding added after data member '_RESUME_PERFORMANCE::PostTimeMs'
     1>c:\program files (x86)\windows kits\8.0\include\um\winnt.h(13295): warning C4820: '<unnamed-tag>' : '3' bytes padding added after data member '<unnamed-tag>::Data'
     1>c:\program files (x86)\windows kits\8.0\include\um\winnt.h(13428): warning C4820: '<unnamed-tag>' : '4' bytes padding added after data member '<unnamed-tag>::DecreaseTime'
     1>c:\program files (x86)\windows kits\8.0\include\um\winnt.h(13449): warning C4820: '<unnamed-tag>' : '4' bytes padding added after data member '<unnamed-tag>::TimerInterval'
     1>c:\program files (x86)\windows kits\8.0\include\um\winnt.h(13494): warning C4820: '<unnamed-tag>' : '4' bytes padding added after data member '<unnamed-tag>::InvalidBucketIndex'
     1>c:\program files (x86)\windows kits\8.0\include\um\winnt.h(13502): warning C4820: '<unnamed-tag>' : '4' bytes padding added after data member '<unnamed-tag>::ResetCount'
     1>c:\program files (x86)\windows kits\8.0\include\um\winnt.h(13517): warning C4820: '<unnamed-tag>' : '4' bytes padding added after data member '<unnamed-tag>::Count'
     1>c:\program files (x86)\windows kits\8.0\include\um\winnt.h(13649): warning C4820: '<unnamed-tag>' : '4' bytes padding added after data member '<unnamed-tag>::Speed'
     1>c:\program files (x86)\windows kits\8.0\include\um\winnt.h(13660): warning C4820: '<unnamed-tag>' : '4' bytes padding added after data member '<unnamed-tag>::ThermalConstraint'
     1>c:\program files (x86)\windows kits\8.0\include\um\winnt.h(13668): warning C4820: '<unnamed-tag>' : '7' bytes padding added after data member '<unnamed-tag>::Mode'
     1>c:\program files (x86)\windows kits\8.0\include\um\winnt.h(13765): warning C4820: '_SYSTEM_POWER_POLICY' : '3' bytes padding added after data member '_SYSTEM_POWER_POLICY::VideoDimDisplay'
     1>c:\program files (x86)\windows kits\8.0\include\um\winnt.h(15284): warning C4820: '_IMAGE_IMPORT_BY_NAME' : '1' bytes padding added after data member '_IMAGE_IMPORT_BY_NAME::Name'
     1>c:\program files (x86)\windows kits\8.0\include\um\winnt.h(15496): warning C4820: '_IMAGE_RESOURCE_DIRECTORY_STRING' : '1' bytes padding added after data member '_IMAGE_RESOURCE_DIRECTORY_STRING::NameString'
     1>c:\program files (x86)\windows kits\8.0\include\um\winnt.h(15735): warning C4820: '_IMAGE_DEBUG_MISC' : '3' bytes padding added after data member '_IMAGE_DEBUG_MISC::Data'
     1>c:\program files (x86)\windows kits\8.0\include\um\winnt.h(16896): warning C4820: '_MESSAGE_RESOURCE_ENTRY' : '1' bytes padding added after data member '_MESSAGE_RESOURCE_ENTRY::Text'
     1>c:\program files (x86)\windows kits\8.0\include\um\winnt.h(17382): warning C4820: '_ACTIVATION_CONTEXT_ASSEMBLY_DETAILED_INFORMATION' : '4' bytes padding added after data member '_ACTIVATION_CONTEXT_ASSEMBLY_DETAILED_INFORMATION::ulFileCount'
     1>c:\program files (x86)\windows kits\8.0\include\um\winnt.h(17889): warning C4820: '_TAPE_ERASE' : '3' bytes padding added after data member '_TAPE_ERASE::Immediate'
     1>c:\program files (x86)\windows kits\8.0\include\um\winnt.h(17905): warning C4820: '_TAPE_PREPARE' : '3' bytes padding added after data member '_TAPE_PREPARE::Immediate'
     1>c:\program files (x86)\windows kits\8.0\include\um\winnt.h(17920): warning C4820: '_TAPE_WRITE_MARKS' : '3' bytes padding added after data member '_TAPE_WRITE_MARKS::Immediate'
     1>c:\program files (x86)\windows kits\8.0\include\um\winnt.h(17956): warning C4820: '_TAPE_SET_POSITION' : '7' bytes padding added after data member '_TAPE_SET_POSITION::Immediate'
     1>c:\program files (x86)\windows kits\8.0\include\um\winnt.h(18080): warning C4820: '_TAPE_GET_MEDIA_PARAMETERS' : '7' bytes padding added after data member '_TAPE_GET_MEDIA_PARAMETERS::WriteProtected'
     1>c:\program files (x86)\windows kits\8.0\include\shared\ktmtypes.h(138): warning C4820: '_TRANSACTION_NOTIFICATION' : '4' bytes padding added after data member '_TRANSACTION_NOTIFICATION::ArgumentLength'
     1>c:\program files (x86)\windows kits\8.0\include\um\winnt.h(18345): warning C4820: '_TRANSACTIONMANAGER_LOGPATH_INFORMATION' : '2' bytes padding added after data member '_TRANSACTIONMANAGER_LOGPATH_INFORMATION::LogPath'
     1>c:\program files (x86)\windows kits\8.0\include\um\winnt.h(18367): warning C4820: '_TRANSACTION_PROPERTIES_INFORMATION' : '6' bytes padding added after data member '_TRANSACTION_PROPERTIES_INFORMATION::Description'
     1>c:\program files (x86)\windows kits\8.0\include\um\winnt.h(18394): warning C4820: '_RESOURCEMANAGER_BASIC_INFORMATION' : '2' bytes padding added after data member '_RESOURCEMANAGER_BASIC_INFORMATION::Description'
     1>c:\program files (x86)\windows kits\8.0\include\um\minwinbase.h(117): warning C4820: '_WIN32_FIND_DATAA' : '2' bytes padding added after data member '_WIN32_FIND_DATAA::cAlternateFileName'
     1>c:\program files (x86)\windows kits\8.0\include\um\minwinbase.h(299): warning C4820: '_CREATE_PROCESS_DEBUG_INFO' : '2' bytes padding added after data member '_CREATE_PROCESS_DEBUG_INFO::fUnicode'
     1>c:\program files (x86)\windows kits\8.0\include\um\minwinbase.h(316): warning C4820: '_LOAD_DLL_DEBUG_INFO' : '2' bytes padding added after data member '_LOAD_DLL_DEBUG_INFO::fUnicode'
     1>c:\program files (x86)\windows kits\8.0\include\um\winbase.h(418): warning C4820: '_COMMPROP' : '2' bytes padding added after data member '_COMMPROP::wcProvChar'
     1>c:\program files (x86)\windows kits\8.0\include\um\winbase.h(504): warning C4820: '_COMMCONFIG' : '2' bytes padding added after data member '_COMMCONFIG::wcProviderData'
     1>c:\program files (x86)\windows kits\8.0\include\um\winbase.h(4263): warning C4820: '_WIN32_STREAM_ID' : '2' bytes padding added after data member '_WIN32_STREAM_ID::cStreamName'
     1>c:\program files (x86)\windows kits\8.0\include\um\winbase.h(8633): warning C4820: 'tagHW_PROFILE_INFOA' : '1' bytes padding added after data member 'tagHW_PROFILE_INFOA::szHwProfileName'
     1>c:\program files (x86)\windows kits\8.0\include\um\winbase.h(8638): warning C4820: 'tagHW_PROFILE_INFOW' : '2' bytes padding added after data member 'tagHW_PROFILE_INFOW::szHwProfileName'
     1>c:\program files (x86)\windows kits\8.0\include\um\timezoneapi.h(67): warning C4820: '_TIME_DYNAMIC_ZONE_INFORMATION' : '3' bytes padding added after data member '_TIME_DYNAMIC_ZONE_INFORMATION::DynamicDaylightTimeDisabled'
     1>c:\program files (x86)\windows kits\8.0\include\um\winbase.h(9616): warning C4820: '_FILE_BASIC_INFO' : '4' bytes padding added after data member '_FILE_BASIC_INFO::FileAttributes'
     1>c:\program files (x86)\windows kits\8.0\include\um\winbase.h(9624): warning C4820: '_FILE_STANDARD_INFO' : '2' bytes padding added after data member '_FILE_STANDARD_INFO::Directory'
     1>c:\program files (x86)\windows kits\8.0\include\um\winbase.h(9629): warning C4820: '_FILE_NAME_INFO' : '2' bytes padding added after data member '_FILE_NAME_INFO::FileName'
     1>c:\program files (x86)\windows kits\8.0\include\um\winbase.h(9633): warning C4820: '_FILE_RENAME_INFO' : '3' bytes padding added after data member '_FILE_RENAME_INFO::ReplaceIfExists'
     1>c:\program files (x86)\windows kits\8.0\include\um\winbase.h(9636): warning C4820: '_FILE_RENAME_INFO' : '2' bytes padding added after data member '_FILE_RENAME_INFO::FileName'
     1>c:\program files (x86)\windows kits\8.0\include\um\winbase.h(9652): warning C4820: '_FILE_STREAM_INFO' : '6' bytes padding added after data member '_FILE_STREAM_INFO::StreamName'
     1>c:\program files (x86)\windows kits\8.0\include\um\winbase.h(9685): warning C4820: '_FILE_ID_BOTH_DIR_INFO' : '1' bytes padding added after data member '_FILE_ID_BOTH_DIR_INFO::ShortNameLength'
     1>c:\program files (x86)\windows kits\8.0\include\um\winbase.h(9686): warning C4820: '_FILE_ID_BOTH_DIR_INFO' : '2' bytes padding added after data member '_FILE_ID_BOTH_DIR_INFO::ShortName'
     1>c:\program files (x86)\windows kits\8.0\include\um\winbase.h(9688): warning C4820: '_FILE_ID_BOTH_DIR_INFO' : '6' bytes padding added after data member '_FILE_ID_BOTH_DIR_INFO::FileName'
     1>c:\program files (x86)\windows kits\8.0\include\um\winbase.h(9703): warning C4820: '_FILE_FULL_DIR_INFO' : '2' bytes padding added after data member '_FILE_FULL_DIR_INFO::FileName'
     1>c:\program files (x86)\windows kits\8.0\include\um\winbase.h(9779): warning C4820: '_FILE_ID_EXTD_DIR_INFO' : '6' bytes padding added after data member '_FILE_ID_EXTD_DIR_INFO::FileName'
     1>c:\program files (x86)\windows kits\8.0\include\um\winbase.h(10035): warning C4668: 'NTDDI_WIN7SP1' is not defined as a preprocessor macro, replacing with '0' for '#if/#elif'
     1>c:\program files (x86)\windows kits\8.0\include\um\wingdi.h(922): warning C4820: 'tagBITMAPCOREINFO' : '1' bytes padding added after data member 'tagBITMAPCOREINFO::bmciColors'
     1>c:\program files (x86)\windows kits\8.0\include\um\wingdi.h(1164): warning C4820: 'tagTEXTMETRICA' : '3' bytes padding added after data member 'tagTEXTMETRICA::tmCharSet'
     1>c:\program files (x86)\windows kits\8.0\include\um\wingdi.h(1187): warning C4820: 'tagTEXTMETRICW' : '3' bytes padding added after data member 'tagTEXTMETRICW::tmCharSet'
     1>c:\program files (x86)\windows kits\8.0\include\um\wingdi.h(1247): warning C4820: 'tagNEWTEXTMETRICA' : '3' bytes padding added after data member 'tagNEWTEXTMETRICA::tmCharSet'
     1>c:\program files (x86)\windows kits\8.0\include\um\wingdi.h(1274): warning C4820: 'tagNEWTEXTMETRICW' : '3' bytes padding added after data member 'tagNEWTEXTMETRICW::tmCharSet'
     1>c:\program files (x86)\windows kits\8.0\include\um\wingdi.h(1335): warning C4820: 'tagPELARRAY' : '3' bytes padding added after data member 'tagPELARRAY::paRGBs'
     1>c:\program files (x86)\windows kits\8.0\include\um\wingdi.h(1809): warning C4820: 'tagEXTLOGFONTA' : '2' bytes padding added after data member 'tagEXTLOGFONTA::elfPanose'
     1>c:\program files (x86)\windows kits\8.0\include\um\wingdi.h(1821): warning C4820: 'tagEXTLOGFONTW' : '2' bytes padding added after data member 'tagEXTLOGFONTW::elfPanose'
     1>c:\program files (x86)\windows kits\8.0\include\um\wingdi.h(3030): warning C4820: 'DISPLAYCONFIG_TARGET_PREFERRED_MODE' : '4' bytes padding added after data member 'DISPLAYCONFIG_TARGET_PREFERRED_MODE::height'
     1>c:\program files (x86)\windows kits\8.0\include\um\wingdi.h(3107): warning C4820: '_RGNDATA' : '3' bytes padding added after data member '_RGNDATA::Buffer'
     1>c:\program files (x86)\windows kits\8.0\include\um\wingdi.h(3149): warning C4820: '_OUTLINETEXTMETRICA' : '1' bytes padding added after data member '_OUTLINETEXTMETRICA::otmPanoseNumber'
     1>c:\program files (x86)\windows kits\8.0\include\um\wingdi.h(3183): warning C4820: '_OUTLINETEXTMETRICW' : '1' bytes padding added after data member '_OUTLINETEXTMETRICW::otmPanoseNumber'
     1>c:\program files (x86)\windows kits\8.0\include\um\wingdi.h(5403): warning C4820: 'tagEMRGDICOMMENT' : '3' bytes padding added after data member 'tagEMRGDICOMMENT::Data'
     1>c:\program files (x86)\windows kits\8.0\include\um\wingdi.h(5562): warning C4820: 'tagEMRPOLYDRAW' : '3' bytes padding added after data member 'tagEMRPOLYDRAW::abTypes'
     1>c:\program files (x86)\windows kits\8.0\include\um\wingdi.h(5571): warning C4820: 'tagEMRPOLYDRAW16' : '3' bytes padding added after data member 'tagEMRPOLYDRAW16::abTypes'
     1>c:\program files (x86)\windows kits\8.0\include\um\wingdi.h(5601): warning C4820: 'tagEMRINVERTRGN' : '3' bytes padding added after data member 'tagEMRINVERTRGN::RgnData'
     1>c:\program files (x86)\windows kits\8.0\include\um\wingdi.h(5611): warning C4820: 'tagEMRFILLRGN' : '3' bytes padding added after data member 'tagEMRFILLRGN::RgnData'
     1>c:\program files (x86)\windows kits\8.0\include\um\wingdi.h(5621): warning C4820: 'tagEMRFRAMERGN' : '3' bytes padding added after data member 'tagEMRFRAMERGN::RgnData'
     1>c:\program files (x86)\windows kits\8.0\include\um\wingdi.h(5629): warning C4820: 'tagEMREXTSELECTCLIPRGN' : '3' bytes padding added after data member 'tagEMREXTSELECTCLIPRGN::RgnData'
     1>c:\program files (x86)\windows kits\8.0\include\um\wingdi.h(5876): warning C4820: 'tagEMRGLSRECORD' : '3' bytes padding added after data member 'tagEMRGLSRECORD::Data'
     1>c:\program files (x86)\windows kits\8.0\include\um\wingdi.h(5884): warning C4820: 'tagEMRGLSBOUNDEDRECORD' : '3' bytes padding added after data member 'tagEMRGLSBOUNDEDRECORD::Data'
     1>c:\program files (x86)\windows kits\8.0\include\um\wingdi.h(5917): warning C4820: 'tagEMREXTESCAPE' : '3' bytes padding added after data member 'tagEMREXTESCAPE::EscData'
     1>c:\program files (x86)\windows kits\8.0\include\um\wingdi.h(5927): warning C4820: 'tagEMRNAMEDESCAPE' : '3' bytes padding added after data member 'tagEMRNAMEDESCAPE::EscData'
     1>c:\program files (x86)\windows kits\8.0\include\um\wingdi.h(5938): warning C4820: 'tagEMRSETICMPROFILE' : '3' bytes padding added after data member 'tagEMRSETICMPROFILE::Data'
     1>c:\program files (x86)\windows kits\8.0\include\um\wingdi.h(5952): warning C4820: 'tagEMRCREATECOLORSPACEW' : '3' bytes padding added after data member 'tagEMRCREATECOLORSPACEW::Data'
     1>c:\program files (x86)\windows kits\8.0\include\um\wingdi.h(5964): warning C4820: 'tagCOLORMATCHTOTARGET' : '3' bytes padding added after data member 'tagCOLORMATCHTOTARGET::Data'
     1>c:\program files (x86)\windows kits\8.0\include\um\winuser.h(2258): warning C4820: '<unnamed-tag>' : '3' bytes padding added after data member '<unnamed-tag>::Data'
     1>c:\program files (x86)\windows kits\8.0\include\um\winuser.h(3055): warning C4820: 'tagACCEL' : '1' bytes padding added after data member 'tagACCEL::fVirt'
     1>c:\program files (x86)\windows kits\8.0\include\um\winuser.h(6039): warning C4820: 'tagPOINTER_INFO' : '4' bytes padding added after data member 'tagPOINTER_INFO::ButtonChangeType'
     1>c:\program files (x86)\windows kits\8.0\include\um\winuser.h(6306): warning C4820: 'tagTOUCH_HIT_TESTING_PROXIMITY_EVALUATION' : '2' bytes padding added after data member 'tagTOUCH_HIT_TESTING_PROXIMITY_EVALUATION::score'
     1>c:\program files (x86)\windows kits\8.0\include\um\winuser.h(10142): warning C4820: 'tagCURSORSHAPE' : '2' bytes padding added after data member 'tagCURSORSHAPE::BitsPixel'
     1>c:\program files (x86)\windows kits\8.0\include\um\winuser.h(10265): warning C4820: '_ICONINFOEXA' : '2' bytes padding added after data member '_ICONINFOEXA::szResName'
     1>c:\program files (x86)\windows kits\8.0\include\um\winuser.h(10276): warning C4820: '_ICONINFOEXW' : '2' bytes padding added after data member '_ICONINFOEXW::szResName'
     1>c:\program files (x86)\windows kits\8.0\include\um\winuser.h(11530): warning C4820: 'tagMULTIKEYHELPA' : '2' bytes padding added after data member 'tagMULTIKEYHELPA::szKeyphrase'
     1>c:\program files (x86)\windows kits\8.0\include\um\winuser.h(11558): warning C4820: 'tagHELPWININFOA' : '2' bytes padding added after data member 'tagHELPWININFOA::rgchMember'
     1>c:\program files (x86)\windows kits\8.0\include\um\winuser.h(14056): warning C4820: 'tagRAWMOUSE' : '2' bytes padding added after data member 'tagRAWMOUSE::usFlags'
     1>c:\program files (x86)\windows kits\8.0\include\um\winuser.h(14187): warning C4820: 'tagRAWHID' : '3' bytes padding added after data member 'tagRAWHID::bRawData'
     1>c:\program files (x86)\windows kits\8.0\include\um\winuser.h(14453): warning C4820: 'tagPOINTER_DEVICE_INFO' : '2' bytes padding added after data member 'tagPOINTER_DEVICE_INFO::productString'
     1>c:\program files (x86)\windows kits\8.0\include\um\winuser.h(14667): warning C4820: 'tagGESTUREINFO' : '4' bytes padding added after data member 'tagGESTUREINFO::dwSequenceID'
     1>c:\program files (x86)\windows kits\8.0\include\um\winuser.h(14669): warning C4820: 'tagGESTUREINFO' : '4' bytes padding added after data member 'tagGESTUREINFO::cbExtraArgs'
     1>c:\program files (x86)\windows kits\8.0\include\um\winnls.h(958): warning C4820: '_cpinfo' : '2' bytes padding added after data member '_cpinfo::LeadByte'
     1>c:\program files (x86)\windows kits\8.0\include\um\wincon.h(145): warning C4820: '_INPUT_RECORD' : '2' bytes padding added after data member '_INPUT_RECORD::EventType'
     1>c:\program files (x86)\windows kits\8.0\include\um\winnetwk.h(667): warning C4820: '_NETINFOSTRUCT' : '2' bytes padding added after data member '_NETINFOSTRUCT::wNetType'
     1>c:\program files (x86)\windows kits\8.0\include\um\winsvc.h(456): warning C4820: '_SERVICE_CUSTOM_SYSTEM_STATE_CHANGE_DATA_ITEM::<unnamed-tag>' : '3' bytes padding added after data member '_SERVICE_CUSTOM_SYSTEM_STATE_CHANGE_DATA_ITEM::<unnamed-tag>::Data'
     1>c:\program files (x86)\windows kits\8.0\include\um\winsvc.h(646): warning C4820: '_SERVICE_PREFERRED_NODE_INFO' : '1' bytes padding added after data member '_SERVICE_PREFERRED_NODE_INFO::fDelete'
     1>c:\program files (x86)\windows kits\8.0\include\um\mcx.h(43): warning C4820: '_MODEMDEVCAPS' : '3' bytes padding added after data member '_MODEMDEVCAPS::abVariablePortion'
     1>c:\program files (x86)\windows kits\8.0\include\um\mcx.h(64): warning C4820: '_MODEMSETTINGS' : '3' bytes padding added after data member '_MODEMSETTINGS::abVariablePortion'
     1>c:\program files (x86)\microsoft visual studio 11.0\vc\include\wchar.h(109): warning C4820: '_wfinddata64i32_t' : '4' bytes padding added after data member '_wfinddata64i32_t::attrib'
     1>c:\program files (x86)\microsoft visual studio 11.0\vc\include\wchar.h(114): warning C4820: '_wfinddata64i32_t' : '4' bytes padding added after data member '_wfinddata64i32_t::name'
     1>c:\program files (x86)\microsoft visual studio 11.0\vc\include\wchar.h(118): warning C4820: '_wfinddata64_t' : '4' bytes padding added after data member '_wfinddata64_t::attrib'
     1>c:\program files (x86)\microsoft visual studio 11.0\vc\include\wchar.h(507): warning C4820: '_stat32' : '2' bytes padding added after data member '_stat32::st_gid'
     1>c:\program files (x86)\microsoft visual studio 11.0\vc\include\wchar.h(523): warning C4820: 'stat' : '2' bytes padding added after data member 'stat::st_gid'
     1>c:\program files (x86)\microsoft visual studio 11.0\vc\include\wchar.h(539): warning C4820: '_stat32i64' : '2' bytes padding added after data member '_stat32i64::st_gid'
     1>c:\program files (x86)\microsoft visual studio 11.0\vc\include\wchar.h(540): warning C4820: '_stat32i64' : '4' bytes padding added after data member '_stat32i64::st_rdev'
     1>c:\program files (x86)\microsoft visual studio 11.0\vc\include\wchar.h(544): warning C4820: '_stat32i64' : '4' bytes padding added after data member '_stat32i64::st_ctime'
     1>c:\program files (x86)\microsoft visual studio 11.0\vc\include\wchar.h(553): warning C4820: '_stat64i32' : '2' bytes padding added after data member '_stat64i32::st_gid'
     1>c:\program files (x86)\microsoft visual studio 11.0\vc\include\wchar.h(567): warning C4820: '_stat64' : '2' bytes padding added after data member '_stat64::st_gid'
     1>c:\program files (x86)\microsoft visual studio 11.0\vc\include\wchar.h(568): warning C4820: '_stat64' : '4' bytes padding added after data member '_stat64::st_rdev'
     1>c:\program files (x86)\microsoft visual studio 11.0\vc\include\io.h(56): warning C4820: '_finddata32i64_t' : '4' bytes padding added after data member '_finddata32i64_t::name'
     1>c:\program files (x86)\microsoft visual studio 11.0\vc\include\io.h(60): warning C4820: '_finddata64i32_t' : '4' bytes padding added after data member '_finddata64i32_t::attrib'
     1>c:\program files (x86)\microsoft visual studio 11.0\vc\include\io.h(69): warning C4820: '__finddata64_t' : '4' bytes padding added after data member '__finddata64_t::attrib'
     1>c:\program files (x86)\microsoft visual studio 11.0\vc\include\io.h(74): warning C4820: '__finddata64_t' : '4' bytes padding added after data member '__finddata64_t::name'
     1>c:\program files (x86)\microsoft visual studio 11.0\vc\include\xstring(689): warning C4350: behavior change: 'std::_Wrap_alloc<_Alloc>::_Wrap_alloc(const std::_Wrap_alloc<_Alloc> &) throw()' called instead of 'std::_Wrap_alloc<_Alloc>::_Wrap_alloc<std::_Wrap_alloc<_Alloc>>(_Other &) throw()'
                 with
                 [
                     _Alloc=std::allocator<char>
                 ]
                 c:\program files (x86)\microsoft visual studio 11.0\vc\include\xmemory0(838) : see declaration of 'std::_Wrap_alloc<_Alloc>::_Wrap_alloc'
                 with
                 [
                     _Alloc=std::allocator<char>
                 ]
                 c:\program files (x86)\microsoft visual studio 11.0\vc\include\xmemory0(850) : see declaration of 'std::_Wrap_alloc<_Alloc>::_Wrap_alloc'
                 with
                 [
                     _Alloc=std::allocator<char>
                 ]
                 A non-const reference may only be bound to an lvalue
                 c:\program files (x86)\microsoft visual studio 11.0\vc\include\xstring(688) : while compiling class template member function 'std::_Wrap_alloc<_Alloc> std::_String_alloc<_Al_has_storage,_Alloc_types>::_Getal(void) const'
                 with
                 [
                     _Alloc=std::allocator<char>,
                     _Al_has_storage=false,
                     _Alloc_types=std::_String_base_types<char,std::allocator<char>>
                 ]
                 c:\program files (x86)\microsoft visual studio 11.0\vc\include\xstring(898) : see reference to function template instantiation 'std::_Wrap_alloc<_Alloc> std::_String_alloc<_Al_has_storage,_Alloc_types>::_Getal(void) const' being compiled
                 with
                 [
                     _Alloc=std::allocator<char>,
                     _Al_has_storage=false,
                     _Alloc_types=std::_String_base_types<char,std::allocator<char>>
                 ]
                 c:\program files (x86)\microsoft visual studio 11.0\vc\include\xstring(700) : see reference to class template instantiation 'std::_String_alloc<_Al_has_storage,_Alloc_types>' being compiled
                 with
                 [
                     _Al_has_storage=false,
                     _Alloc_types=std::_String_base_types<char,std::allocator<char>>
                 ]
                 c:\program files (x86)\microsoft visual studio 11.0\vc\include\stdexcept(31) : see reference to class template instantiation 'std::basic_string<_Elem,_Traits,_Alloc>' being compiled
                 with
                 [
                     _Elem=char,
                     _Traits=std::char_traits<char>,
                     _Alloc=std::allocator<char>
                 ]
     1>c:\program files (x86)\microsoft visual studio 11.0\vc\include\xstring(689): warning C4350: behavior change: 'std::_Wrap_alloc<_Alloc>::_Wrap_alloc(const std::_Wrap_alloc<_Alloc> &) throw()' called instead of 'std::_Wrap_alloc<_Alloc>::_Wrap_alloc<std::_Wrap_alloc<_Alloc>>(_Other &) throw()'
                 with
                 [
                     _Alloc=std::allocator<wchar_t>
                 ]
                 c:\program files (x86)\microsoft visual studio 11.0\vc\include\xmemory0(838) : see declaration of 'std::_Wrap_alloc<_Alloc>::_Wrap_alloc'
                 with
                 [
                     _Alloc=std::allocator<wchar_t>
                 ]
                 c:\program files (x86)\microsoft visual studio 11.0\vc\include\xmemory0(850) : see declaration of 'std::_Wrap_alloc<_Alloc>::_Wrap_alloc'
                 with
                 [
                     _Alloc=std::allocator<wchar_t>
                 ]
                 A non-const reference may only be bound to an lvalue
                 c:\program files (x86)\microsoft visual studio 11.0\vc\include\xstring(688) : while compiling class template member function 'std::_Wrap_alloc<_Alloc> std::_String_alloc<_Al_has_storage,_Alloc_types>::_Getal(void) const'
                 with
                 [
                     _Alloc=std::allocator<wchar_t>,
                     _Al_has_storage=false,
                     _Alloc_types=std::_String_base_types<wchar_t,std::allocator<wchar_t>>
                 ]
                 c:\program files (x86)\microsoft visual studio 11.0\vc\include\xstring(954) : see reference to function template instantiation 'std::_Wrap_alloc<_Alloc> std::_String_alloc<_Al_has_storage,_Alloc_types>::_Getal(void) const' being compiled
                 with
                 [
                     _Alloc=std::allocator<wchar_t>,
                     _Al_has_storage=false,
                     _Alloc_types=std::_String_base_types<wchar_t,std::allocator<wchar_t>>
                 ]
                 c:\program files (x86)\microsoft visual studio 11.0\vc\include\xstring(700) : see reference to class template instantiation 'std::_String_alloc<_Al_has_storage,_Alloc_types>' being compiled
                 with
                 [
                     _Al_has_storage=false,
                     _Alloc_types=std::_String_base_types<wchar_t,std::allocator<wchar_t>>
                 ]
                 c:\program files (x86)\microsoft visual studio 11.0\vc\include\xlocnum(206) : see reference to class template instantiation 'std::basic_string<_Elem,_Traits,_Alloc>' being compiled
                 with
                 [
                     _Elem=wchar_t,
                     _Traits=std::char_traits<wchar_t>,
                     _Alloc=std::allocator<wchar_t>
                 ]
                 c:\program files (x86)\microsoft visual studio 11.0\vc\include\xlocnum(206) : while compiling class template member function 'std::basic_string<_Elem,_Traits,_Alloc> std::numpunct<_Elem>::do_falsename(void) const'
                 with
                 [
                     _Elem=wchar_t,
                     _Traits=std::char_traits<wchar_t>,
                     _Alloc=std::allocator<wchar_t>
                 ]
                 c:\program files (x86)\microsoft visual studio 11.0\vc\include\xlocnum(1581) : see reference to class template instantiation 'std::numpunct<_Elem>' being compiled
                 with
                 [
                     _Elem=wchar_t
                 ]
     1>c:\users\dwase_000\desktop\dengine repo-svn\dengine\dengine\stdafx.cpp(2): warning C4710: 'std::exception_ptr std::exception_ptr::_Current_exception(void)' : function not inlined
                 c:\program files (x86)\microsoft visual studio 11.0\vc\include\exception(480) : see declaration of 'std::exception_ptr::_Current_exception'
     1>c:\users\dwase_000\desktop\dengine repo-svn\dengine\dengine\stdafx.cpp(2): warning C4710: 'std::string std::locale::name(void) const' : function not inlined
                 c:\program files (x86)\microsoft visual studio 11.0\vc\include\xlocale(438) : see declaration of 'std::locale::name'
     1>c:\users\dwase_000\desktop\dengine repo-svn\dengine\dengine\stdafx.cpp(2): warning C4710: 'std::string std::error_code::message(void) const' : function not inlined
                 c:\program files (x86)\microsoft visual studio 11.0\vc\include\system_error(262) : see declaration of 'std::error_code::message'
     1>c:\users\dwase_000\desktop\dengine repo-svn\dengine\dengine\stdafx.cpp(2): warning C4710: 'std::string std::_Generic_error_category::message(int) const' : function not inlined
                 c:\program files (x86)\microsoft visual studio 11.0\vc\include\system_error(589) : see declaration of 'std::_Generic_error_category::message'
     1>c:\users\dwase_000\desktop\dengine repo-svn\dengine\dengine\stdafx.cpp(2): warning C4710: 'std::string std::_Iostream_error_category::message(int) const' : function not inlined
                 c:\program files (x86)\microsoft visual studio 11.0\vc\include\system_error(610) : see declaration of 'std::_Iostream_error_category::message'
     1>c:\users\dwase_000\desktop\dengine repo-svn\dengine\dengine\stdafx.cpp(2): warning C4710: 'std::string std::_System_error_category::message(int) const' : function not inlined
                 c:\program files (x86)\microsoft visual studio 11.0\vc\include\system_error(633) : see declaration of 'std::_System_error_category::message'
     1>c:\users\dwase_000\desktop\dengine repo-svn\dengine\dengine\stdafx.cpp(2): warning C4710: 'std::locale std::ios_base::getloc(void) const' : function not inlined
                 c:\program files (x86)\microsoft visual studio 11.0\vc\include\xiosbase(441) : see declaration of 'std::ios_base::getloc'
     1>c:\users\dwase_000\desktop\dengine repo-svn\dengine\dengine\stdafx.cpp(2): warning C4710: 'std::string std::numpunct<_Elem>::do_grouping(void) const' : function not inlined
                 with
                 [
                     _Elem=char
                 ]
                 c:\program files (x86)\microsoft visual studio 11.0\vc\include\xlocnum(200) : see declaration of 'std::numpunct<_Elem>::do_grouping'
                 with
                 [
                     _Elem=char
                 ]
     1>c:\users\dwase_000\desktop\dengine repo-svn\dengine\dengine\stdafx.cpp(2): warning C4710: 'std::basic_string<_Elem,_Traits,_Alloc> std::numpunct<_Elem>::do_falsename(void) const' : function not inlined
                 with
                 [
                     _Elem=char,
                     _Traits=std::char_traits<char>,
                     _Alloc=std::allocator<char>
                 ]
                 c:\program files (x86)\microsoft visual studio 11.0\vc\include\xlocnum(205) : see declaration of 'std::numpunct<_Elem>::do_falsename'
                 with
                 [
                     _Elem=char
                 ]
     1>c:\users\dwase_000\desktop\dengine repo-svn\dengine\dengine\stdafx.cpp(2): warning C4710: 'std::basic_string<_Elem,_Traits,_Alloc> std::numpunct<_Elem>::do_truename(void) const' : function not inlined
                 with
                 [
                     _Elem=char,
                     _Traits=std::char_traits<char>,
                     _Alloc=std::allocator<char>
                 ]
                 c:\program files (x86)\microsoft visual studio 11.0\vc\include\xlocnum(210) : see declaration of 'std::numpunct<_Elem>::do_truename'
                 with
                 [
                     _Elem=char
                 ]
     1>c:\users\dwase_000\desktop\dengine repo-svn\dengine\dengine\stdafx.cpp(2): warning C4710: 'std::string std::numpunct<_Elem>::do_grouping(void) const' : function not inlined
                 with
                 [
                     _Elem=wchar_t
                 ]
                 c:\program files (x86)\microsoft visual studio 11.0\vc\include\xlocnum(200) : see declaration of 'std::numpunct<_Elem>::do_grouping'
                 with
                 [
                     _Elem=wchar_t
                 ]
     1>c:\users\dwase_000\desktop\dengine repo-svn\dengine\dengine\stdafx.cpp(2): warning C4710: 'std::basic_string<_Elem,_Traits,_Alloc> std::numpunct<_Elem>::do_falsename(void) const' : function not inlined
                 with
                 [
                     _Elem=wchar_t,
                     _Traits=std::char_traits<wchar_t>,
                     _Alloc=std::allocator<wchar_t>
                 ]
                 c:\program files (x86)\microsoft visual studio 11.0\vc\include\xlocnum(205) : see declaration of 'std::numpunct<_Elem>::do_falsename'
                 with
                 [
                     _Elem=wchar_t
                 ]
     1>c:\users\dwase_000\desktop\dengine repo-svn\dengine\dengine\stdafx.cpp(2): warning C4710: 'std::basic_string<_Elem,_Traits,_Alloc> std::numpunct<_Elem>::do_truename(void) const' : function not inlined
                 with
                 [
                     _Elem=wchar_t,
                     _Traits=std::char_traits<wchar_t>,
                     _Alloc=std::allocator<wchar_t>
                 ]
                 c:\program files (x86)\microsoft visual studio 11.0\vc\include\xlocnum(210) : see declaration of 'std::numpunct<_Elem>::do_truename'
                 with
                 [
                     _Elem=wchar_t
                 ]
     1>c:\users\dwase_000\desktop\dengine repo-svn\dengine\dengine\stdafx.cpp(2): warning C4710: 'std::basic_string<_Elem,_Traits,_Alloc> std::numpunct<_Elem>::falsename(void) const' : function not inlined
                 with
                 [
                     _Elem=char,
                     _Traits=std::char_traits<char>,
                     _Alloc=std::allocator<char>
                 ]
                 c:\program files (x86)\microsoft visual studio 11.0\vc\include\xlocnum(97) : see declaration of 'std::numpunct<_Elem>::falsename'
                 with
                 [
                     _Elem=char
                 ]
     1>c:\users\dwase_000\desktop\dengine repo-svn\dengine\dengine\stdafx.cpp(2): warning C4710: 'std::basic_string<_Elem,_Traits,_Alloc> std::numpunct<_Elem>::truename(void) const' : function not inlined
                 with
                 [
                     _Elem=char,
                     _Traits=std::char_traits<char>,
                     _Alloc=std::allocator<char>
                 ]
                 c:\program files (x86)\microsoft visual studio 11.0\vc\include\xlocnum(102) : see declaration of 'std::numpunct<_Elem>::truename'
                 with
                 [
                     _Elem=char
                 ]
     1>c:\users\dwase_000\desktop\dengine repo-svn\dengine\dengine\stdafx.cpp(2): warning C4710: 'std::basic_string<_Elem,_Traits,_Alloc> std::numpunct<_Elem>::falsename(void) const' : function not inlined
                 with
                 [
                     _Elem=wchar_t,
                     _Traits=std::char_traits<wchar_t>,
                     _Alloc=std::allocator<wchar_t>
                 ]
                 c:\program files (x86)\microsoft visual studio 11.0\vc\include\xlocnum(97) : see declaration of 'std::numpunct<_Elem>::falsename'
                 with
                 [
                     _Elem=wchar_t
                 ]
     1>c:\users\dwase_000\desktop\dengine repo-svn\dengine\dengine\stdafx.cpp(2): warning C4710: 'std::basic_string<_Elem,_Traits,_Alloc> std::numpunct<_Elem>::truename(void) const' : function not inlined
                 with
                 [
                     _Elem=wchar_t,
                     _Traits=std::char_traits<wchar_t>,
                     _Alloc=std::allocator<wchar_t>
                 ]
                 c:\program files (x86)\microsoft visual studio 11.0\vc\include\xlocnum(102) : see declaration of 'std::numpunct<_Elem>::truename'
                 with
                 [
                     _Elem=wchar_t
                 ]
     1>c:\users\dwase_000\desktop\dengine repo-svn\dengine\dengine\stdafx.cpp(2): warning C4710: 'std::string std::numpunct<_Elem>::grouping(void) const' : function not inlined
                 with
                 [
                     _Elem=char
                 ]
                 c:\program files (x86)\microsoft visual studio 11.0\vc\include\xlocnum(92) : see declaration of 'std::numpunct<_Elem>::grouping'
                 with
                 [
                     _Elem=char
                 ]
     1>c:\users\dwase_000\desktop\dengine repo-svn\dengine\dengine\stdafx.cpp(2): warning C4710: 'std::string std::numpunct<_Elem>::grouping(void) const' : function not inlined
                 with
                 [
                     _Elem=wchar_t
                 ]
                 c:\program files (x86)\microsoft visual studio 11.0\vc\include\xlocnum(92) : see declaration of 'std::numpunct<_Elem>::grouping'
                 with
                 [
                     _Elem=wchar_t
                 ]
         C:\Program Files (x86)\Microsoft Visual Studio 11.0\VC\bin\CL.exe /c /I"C:\Users\Daniel\Desktop\DEngine Repo-SVN\DEngine\DEngine\Driver\lib\Debug" /ZI /nologo /Wall /WX- /Od /Oy- /D WIN32 /D _DEBUG /D _WINDOWS /D _UNICODE /D UNICODE /Gm /EHsc /RTC1 /MDd /GS /fp:precise /Zc:wchar_t /Zc:forScope /Yu"stdafx.h" /Fp"Debug\DEngine.pch" /Fo"Debug\\" /Fd"Debug\vc110.pdb" /Gd /TP /FIstdafx.h /analyze- /errorReport:prompt DMain.cpp Driver\cpp\DEngine.cpp
         DEngine.cpp
     1>c:\users\dwase_000\desktop\dengine repo-svn\dengine\dengine\driver\headers\dengine.h(51): warning C4820: 'DEngine' : '1' bytes padding added after data member 'DEngine::m_bOGL'
         DMain.cpp
     1>c:\users\dwase_000\desktop\dengine repo-svn\dengine\dengine\driver\headers\dengine.h(51): warning C4820: 'DEngine' : '1' bytes padding added after data member 'DEngine::m_bOGL'
     1>c:\users\dwase_000\desktop\dengine repo-svn\dengine\dengine\dmain.cpp(38): warning C4100: 'nCmdShow' : unreferenced formal parameter
     1>c:\users\dwase_000\desktop\dengine repo-svn\dengine\dengine\dmain.cpp(38): warning C4100: 'lpCmdLine' : unreferenced formal parameter
     1>c:\users\dwase_000\desktop\dengine repo-svn\dengine\dengine\dmain.cpp(37): warning C4100: 'hPrevInstance' : unreferenced formal parameter
         Generating Code...
       Link:
         C:\Program Files (x86)\Microsoft Visual Studio 11.0\VC\bin\link.exe /ERRORREPORT:PROMPT /OUT:"C:\Users\dwase_000\Desktop\DEngine Repo-SVN\DEngine\DEngine\Debug\DEngine.exe" /INCREMENTAL /NOLOGO d3d11.lib kernel32.lib user32.lib gdi32.lib winspool.lib comdlg32.lib advapi32.lib shell32.lib ole32.lib oleaut32.lib uuid.lib odbc32.lib odbccp32.lib /MANIFEST /MANIFESTUAC:"level='asInvoker' uiAccess='false'" /manifest:embed /DEBUG /PDB:"C:\Users\dwase_000\Desktop\DEngine Repo-SVN\DEngine\DEngine\Debug\DEngine.pdb" /SUBSYSTEM:WINDOWS /TLBID:1 /DYNAMICBASE /NXCOMPAT /IMPLIB:"C:\Users\dwase_000\Desktop\DEngine Repo-SVN\DEngine\DEngine\Debug\DEngine.lib" /MACHINE:X86 Debug\DMain.obj
         Debug\DEngine.obj
         Debug\stdafx.obj
         DEngine.vcxproj -> C:\Users\dwase_000\Desktop\DEngine Repo-SVN\DEngine\DEngine\Debug\DEngine.exe
     1>Done Building Project "C:\Users\dwase_000\Desktop\DEngine Repo-SVN\DEngine\DEngine\DEngine.vcxproj" (Build target(s)).

Build succeeded.

Time Elapsed 00:00:01.86
